<?xml version="1.0" encoding="UTF-8"?>
<testng-results ignored="0" total="4" passed="4" failed="0" skipped="0">
  <reporter-output>
  </reporter-output>
  <suite started-at="2022-06-06T21:08:45 IST" name="Suite" finished-at="2022-06-06T21:09:09 IST" duration-ms="23665">
    <groups>
    </groups>
    <test started-at="2022-06-06T21:08:45 IST" name="Test" finished-at="2022-06-06T21:09:09 IST" duration-ms="23665">
      <class name="testjava.SignUpTest">
        <test-method is-config="true" signature="BrowserLaunch()[pri:0, instance:testjava.SignUpTest@2cd2a21f]" started-at="2022-06-06T21:08:45 IST" name="BrowserLaunch" finished-at="2022-06-06T21:09:04 IST" duration-ms="19309" status="PASS">
          <reporter-output>
          </reporter-output>
        </test-method> <!-- BrowserLaunch -->
        <test-method is-config="true" signature="allPageObjects()[pri:0, instance:testjava.SignUpTest@2cd2a21f]" started-at="2022-06-06T21:09:04 IST" name="allPageObjects" finished-at="2022-06-06T21:09:04 IST" duration-ms="60" status="PASS">
          <reporter-output>
          </reporter-output>
        </test-method> <!-- allPageObjects -->
        <test-method signature="verifyUrlOfPage()[pri:0, instance:testjava.SignUpTest@2cd2a21f]" started-at="2022-06-06T21:09:04 IST" name="verifyUrlOfPage" finished-at="2022-06-06T21:09:05 IST" duration-ms="79" status="PASS">
          <reporter-output>
          </reporter-output>
        </test-method> <!-- verifyUrlOfPage -->
        <test-method is-config="true" signature="allPageObjects()[pri:0, instance:testjava.SignUpTest@2cd2a21f]" started-at="2022-06-06T21:09:05 IST" name="allPageObjects" finished-at="2022-06-06T21:09:05 IST" duration-ms="7" status="PASS">
          <reporter-output>
          </reporter-output>
        </test-method> <!-- allPageObjects -->
        <test-method signature="Lang()[pri:1, instance:testjava.SignUpTest@2cd2a21f]" started-at="2022-06-06T21:09:05 IST" name="Lang" finished-at="2022-06-06T21:09:05 IST" duration-ms="529" status="PASS">
          <reporter-output>
          </reporter-output>
        </test-method> <!-- Lang -->
        <test-method is-config="true" signature="allPageObjects()[pri:0, instance:testjava.SignUpTest@2cd2a21f]" started-at="2022-06-06T21:09:05 IST" name="allPageObjects" finished-at="2022-06-06T21:09:05 IST" duration-ms="3" status="PASS">
          <reporter-output>
          </reporter-output>
        </test-method> <!-- allPageObjects -->
        <test-method signature="verifyCreateBtn()[pri:2, instance:testjava.SignUpTest@2cd2a21f]" started-at="2022-06-06T21:09:05 IST" name="verifyCreateBtn" finished-at="2022-06-06T21:09:05 IST" duration-ms="269" status="PASS">
          <reporter-output>
          </reporter-output>
        </test-method> <!-- verifyCreateBtn -->
        <test-method is-config="true" signature="allPageObjects()[pri:0, instance:testjava.SignUpTest@2cd2a21f]" started-at="2022-06-06T21:09:05 IST" name="allPageObjects" finished-at="2022-06-06T21:09:05 IST" duration-ms="4" status="PASS">
          <reporter-output>
          </reporter-output>
        </test-method> <!-- allPageObjects -->
        <test-method signature="signupCreds()[pri:3, instance:testjava.SignUpTest@2cd2a21f]" started-at="2022-06-06T21:09:05 IST" name="signupCreds" finished-at="2022-06-06T21:09:08 IST" duration-ms="2480" status="PASS">
          <reporter-output>
          </reporter-output>
        </test-method> <!-- signupCreds -->
        <test-method is-config="true" signature="tearDownBrowser()[pri:0, instance:testjava.SignUpTest@2cd2a21f]" started-at="2022-06-06T21:09:08 IST" name="tearDownBrowser" finished-at="2022-06-06T21:09:09 IST" duration-ms="763" status="PASS">
          <reporter-output>
          </reporter-output>
        </test-method> <!-- tearDownBrowser -->
      </class> <!-- testjava.SignUpTest -->
    </test> <!-- Test -->
  </suite> <!-- Suite -->
</testng-results>
