<?xml version="1.0" encoding="UTF-8"?>
<!-- Generated by org.testng.reporters.JUnitXMLReporter -->
<testsuite ignored="0" hostname="shri-PC" failures="0" tests="4" name="Default test" time="25.175" errors="0" timestamp="2022-06-06T20:17:08 IST">
  <testcase classname="testjava.SignUpTest" name="verifyUrlOfPage" time="0.053"/>
  <testcase classname="testjava.SignUpTest" name="Lang" time="0.593"/>
  <testcase classname="testjava.SignUpTest" name="signupCreds" time="1.623"/>
  <testcase classname="testjava.SignUpTest" name="verifyCreateBtn" time="0.066"/>
</testsuite> <!-- Default test -->
