<?xml version="1.0" encoding="UTF-8"?>
<!-- Generated by org.testng.reporters.JUnitXMLReporter -->
<testsuite ignored="0" hostname="shri-PC" failures="0" tests="4" name="Test" time="23.665" errors="0" timestamp="2022-06-06T21:09:09 IST">
  <testcase classname="testjava.SignUpTest" name="verifyUrlOfPage" time="0.079"/>
  <testcase classname="testjava.SignUpTest" name="Lang" time="0.529"/>
  <testcase classname="testjava.SignUpTest" name="verifyCreateBtn" time="0.269"/>
  <testcase classname="testjava.SignUpTest" name="signupCreds" time="2.48"/>
</testsuite> <!-- Test -->
