<?xml version="1.0" encoding="UTF-8"?>
<!-- Generated by org.testng.reporters.JUnitXMLReporter -->
<testsuite ignored="0" hostname="shri-PC" failures="0" tests="4" name="Test" time="21.096" errors="0" timestamp="2022-06-06T21:12:14 IST">
  <testcase classname="testjava.SignUpTest" name="verifyUrlOfPage" time="0.052"/>
  <testcase classname="testjava.SignUpTest" name="Lang" time="0.503"/>
  <testcase classname="testjava.SignUpTest" name="verifyCreateBtn" time="0.284"/>
  <testcase classname="testjava.SignUpTest" name="signupCreds" time="1.78"/>
</testsuite> <!-- Test -->
